build/app/intermediates/manifest_merge_blame_file/debug/manifest-merger-blame-debug-report.txt
1<?xml version="1.0" encoding="utf-8"?>
2<manifest xmlns:android="http://schemas.android.com/apk/res/android"
3    package="com.bku.firealarm"
4    android:versionCode="1"
5    android:versionName="1.0.0" >
6
7    <uses-sdk
8        android:minSdkVersion="21"
9        android:targetSdkVersion="30" />
10    <!--
11         Flutter needs it to communicate with the running application
12         to allow setting breakpoints, to provide hot reload, etc.
13    -->
14    <uses-permission android:name="android.permission.INTERNET" />
14-->src\main\AndroidManifest.xml:8:5-66
14-->src\main\AndroidManifest.xml:8:22-64
15    <uses-permission android:name="android.permission.WAKE_LOCK" />
15-->[:firebase_messaging] AndroidManifest.xml:8:5-68
15-->[:firebase_messaging] AndroidManifest.xml:8:22-65
16    <uses-permission android:name="android.permission.ACCESS_NETWORK_STATE" />
16-->[:firebase_messaging] AndroidManifest.xml:9:5-79
16-->[:firebase_messaging] AndroidManifest.xml:9:22-76
17    <uses-permission android:name="android.permission.RECEIVE_BOOT_COMPLETED" />
17-->[:flutter_local_notifications] AndroidManifest.xml:7:5-81
17-->[:flutter_local_notifications] AndroidManifest.xml:7:22-78
18    <uses-permission android:name="android.permission.VIBRATE" />
18-->[:flutter_local_notifications] AndroidManifest.xml:8:5-66
18-->[:flutter_local_notifications] AndroidManifest.xml:8:22-63
19    <uses-permission android:name="android.permission.USE_FULL_SCREEN_INTENT" /> <!-- Required by older versions of Google Play services to create IID tokens -->
19-->[:flutter_local_notifications] AndroidManifest.xml:9:5-81
19-->[:flutter_local_notifications] AndroidManifest.xml:9:22-78
20    <uses-permission android:name="com.google.android.c2dm.permission.RECEIVE" />
20-->[com.google.firebase:firebase-messaging:22.0.0] AndroidManifest.xml:25:5-82
20-->[com.google.firebase:firebase-messaging:22.0.0] AndroidManifest.xml:25:22-79
21    <uses-permission android:name="com.google.android.finsky.permission.BIND_GET_INSTALL_REFERRER_SERVICE" />
21-->[com.google.android.gms:play-services-measurement:19.0.0] AndroidManifest.xml:26:5-110
21-->[com.google.android.gms:play-services-measurement:19.0.0] AndroidManifest.xml:26:22-107
22
23    <application
23-->src\main\AndroidManifest.xml:9:5-55:19
24        android:name="com.bku.firealarm.Application"
24-->src\main\AndroidManifest.xml:11:9-36
25        android:appComponentFactory="androidx.core.app.CoreComponentFactory"
25-->[androidx.core:core:1.3.0] AndroidManifest.xml:24:18-86
26        android:debuggable="true"
27        android:icon="@mipmap/ic_launcher"
27-->src\main\AndroidManifest.xml:12:9-43
28        android:label="firealarm" >
28-->src\main\AndroidManifest.xml:10:9-34
29        <activity
29-->src\main\AndroidManifest.xml:13:9-49:20
30            android:name="com.bku.firealarm.MainActivity"
30-->src\main\AndroidManifest.xml:14:13-41
31            android:configChanges="orientation|keyboardHidden|keyboard|screenSize|smallestScreenSize|locale|layoutDirection|fontScale|screenLayout|density|uiMode"
31-->src\main\AndroidManifest.xml:17:13-163
32            android:hardwareAccelerated="true"
32-->src\main\AndroidManifest.xml:18:13-47
33            android:launchMode="singleTop"
33-->src\main\AndroidManifest.xml:15:13-43
34            android:theme="@style/LaunchTheme"
34-->src\main\AndroidManifest.xml:16:13-47
35            android:windowSoftInputMode="adjustResize" >
35-->src\main\AndroidManifest.xml:19:13-55
36
37            <!--
38                 Specifies an Android theme to apply to this Activity as soon as
39                 the Android process has started. This theme is visible to the user
40                 while the Flutter UI initializes. After that, this theme continues
41                 to determine the Window background behind the Flutter UI.
42            -->
43            <meta-data
43-->src\main\AndroidManifest.xml:24:13-27:17
44                android:name="io.flutter.embedding.android.NormalTheme"
44-->src\main\AndroidManifest.xml:25:15-70
45                android:resource="@style/NormalTheme" />
45-->src\main\AndroidManifest.xml:26:15-52
46            <!--
47                 Displays an Android View that continues showing the launch screen
48                 Drawable until Flutter paints its first frame, then this splash
49                 screen fades out. A splash screen is useful to avoid any visual
50                 gap between the end of Android's launch screen and the painting of
51                 Flutter's first frame.
52            -->
53            <meta-data
53-->src\main\AndroidManifest.xml:33:13-36:17
54                android:name="io.flutter.embedding.android.SplashScreenDrawable"
54-->src\main\AndroidManifest.xml:34:15-79
55                android:resource="@drawable/launch_background" />
55-->src\main\AndroidManifest.xml:35:15-61
56
57            <intent-filter>
57-->src\main\AndroidManifest.xml:37:13-40:29
58                <action android:name="android.intent.action.MAIN" />
58-->src\main\AndroidManifest.xml:38:17-68
58-->src\main\AndroidManifest.xml:38:25-66
59
60                <category android:name="android.intent.category.LAUNCHER" />
60-->src\main\AndroidManifest.xml:39:17-76
60-->src\main\AndroidManifest.xml:39:27-74
61            </intent-filter>
62
63            <!-- ... -->
64            <!-- Add this tag -->
65            <intent-filter>
65-->src\main\AndroidManifest.xml:44:13-47:29
66                <action android:name="FLUTTER_NOTIFICATION_CLICK" />
66-->src\main\AndroidManifest.xml:45:15-67
66-->src\main\AndroidManifest.xml:45:23-64
67
68                <category android:name="android.intent.category.DEFAULT" />
68-->src\main\AndroidManifest.xml:46:15-74
68-->src\main\AndroidManifest.xml:46:25-71
69            </intent-filter>
70        </activity>
71        <!--
72             Don't delete the meta-data below.
73             This is used by the Flutter tool to generate GeneratedPluginRegistrant.java
74        -->
75        <meta-data
75-->src\main\AndroidManifest.xml:52:9-54:33
76            android:name="flutterEmbedding"
76-->src\main\AndroidManifest.xml:53:13-44
77            android:value="2" />
77-->src\main\AndroidManifest.xml:54:13-30
78
79        <service
79-->[:firebase_messaging] AndroidManifest.xml:12:9-15:72
80            android:name="io.flutter.plugins.firebase.messaging.FlutterFirebaseMessagingBackgroundService"
80-->[:firebase_messaging] AndroidManifest.xml:13:13-107
81            android:exported="false"
81-->[:firebase_messaging] AndroidManifest.xml:14:13-37
82            android:permission="android.permission.BIND_JOB_SERVICE" />
82-->[:firebase_messaging] AndroidManifest.xml:15:13-69
83        <service
83-->[:firebase_messaging] AndroidManifest.xml:16:9-22:19
84            android:name="io.flutter.plugins.firebase.messaging.FlutterFirebaseMessagingService"
84-->[:firebase_messaging] AndroidManifest.xml:17:13-97
85            android:exported="false" >
85-->[:firebase_messaging] AndroidManifest.xml:18:13-37
86            <intent-filter>
86-->[:firebase_messaging] AndroidManifest.xml:19:13-21:29
87                <action android:name="com.google.firebase.MESSAGING_EVENT" />
87-->[:firebase_messaging] AndroidManifest.xml:20:17-78
87-->[:firebase_messaging] AndroidManifest.xml:20:25-75
88            </intent-filter>
89        </service>
90
91        <receiver
91-->[:firebase_messaging] AndroidManifest.xml:24:9-31:20
92            android:name="io.flutter.plugins.firebase.messaging.FlutterFirebaseMessagingReceiver"
92-->[:firebase_messaging] AndroidManifest.xml:25:13-98
93            android:exported="true"
93-->[:firebase_messaging] AndroidManifest.xml:26:13-36
94            android:permission="com.google.android.c2dm.permission.SEND" >
94-->[:firebase_messaging] AndroidManifest.xml:27:13-73
95            <intent-filter>
95-->[:firebase_messaging] AndroidManifest.xml:28:13-30:29
96                <action android:name="com.google.android.c2dm.intent.RECEIVE" />
96-->[:firebase_messaging] AndroidManifest.xml:29:17-81
96-->[:firebase_messaging] AndroidManifest.xml:29:25-78
97            </intent-filter>
98        </receiver>
99
100        <service
100-->[:firebase_messaging] AndroidManifest.xml:33:9-37:19
101            android:name="com.google.firebase.components.ComponentDiscoveryService"
101-->[:firebase_messaging] AndroidManifest.xml:33:18-89
102            android:directBootAware="true"
102-->[com.google.firebase:firebase-common:20.0.0] AndroidManifest.xml:35:13-43
103            android:exported="false" >
103-->[com.google.firebase:firebase-messaging:22.0.0] AndroidManifest.xml:51:13-37
104            <meta-data
104-->[:firebase_messaging] AndroidManifest.xml:34:13-36:85
105                android:name="com.google.firebase.components:io.flutter.plugins.firebase.messaging.FlutterFirebaseAppRegistrar"
105-->[:firebase_messaging] AndroidManifest.xml:35:17-128
106                android:value="com.google.firebase.components.ComponentRegistrar" />
106-->[:firebase_messaging] AndroidManifest.xml:36:17-82
107            <meta-data
107-->[:firebase_core] AndroidManifest.xml:9:13-11:85
108                android:name="com.google.firebase.components:io.flutter.plugins.firebase.core.FlutterFirebaseCoreRegistrar"
108-->[:firebase_core] AndroidManifest.xml:10:17-124
109                android:value="com.google.firebase.components.ComponentRegistrar" />
109-->[:firebase_core] AndroidManifest.xml:11:17-82
110            <meta-data
110-->[com.google.firebase:firebase-messaging:22.0.0] AndroidManifest.xml:52:13-54:85
111                android:name="com.google.firebase.components:com.google.firebase.messaging.FirebaseMessagingRegistrar"
111-->[com.google.firebase:firebase-messaging:22.0.0] AndroidManifest.xml:53:17-119
112                android:value="com.google.firebase.components.ComponentRegistrar" />
112-->[com.google.firebase:firebase-messaging:22.0.0] AndroidManifest.xml:54:17-82
113            <meta-data
113-->[com.google.firebase:firebase-datatransport:18.0.0] AndroidManifest.xml:28:13-30:85
114                android:name="com.google.firebase.components:com.google.firebase.datatransport.TransportRegistrar"
114-->[com.google.firebase:firebase-datatransport:18.0.0] AndroidManifest.xml:29:17-115
115                android:value="com.google.firebase.components.ComponentRegistrar" />
115-->[com.google.firebase:firebase-datatransport:18.0.0] AndroidManifest.xml:30:17-82
116            <meta-data
116-->[com.google.android.gms:play-services-measurement-api:19.0.0] AndroidManifest.xml:30:13-32:85
117                android:name="com.google.firebase.components:com.google.firebase.analytics.connector.internal.AnalyticsConnectorRegistrar"
117-->[com.google.android.gms:play-services-measurement-api:19.0.0] AndroidManifest.xml:31:17-139
118                android:value="com.google.firebase.components.ComponentRegistrar" />
118-->[com.google.android.gms:play-services-measurement-api:19.0.0] AndroidManifest.xml:32:17-82
119            <meta-data
119-->[com.google.firebase:firebase-installations:17.0.0] AndroidManifest.xml:18:13-20:85
120                android:name="com.google.firebase.components:com.google.firebase.installations.FirebaseInstallationsRegistrar"
120-->[com.google.firebase:firebase-installations:17.0.0] AndroidManifest.xml:19:17-127
121                android:value="com.google.firebase.components.ComponentRegistrar" />
121-->[com.google.firebase:firebase-installations:17.0.0] AndroidManifest.xml:20:17-82
122        </service>
123
124        <provider
124-->[:firebase_messaging] AndroidManifest.xml:39:9-43:38
125            android:name="io.flutter.plugins.firebase.messaging.FlutterFirebaseMessagingInitProvider"
125-->[:firebase_messaging] AndroidManifest.xml:40:13-102
126            android:authorities="com.bku.firealarm.flutterfirebasemessaginginitprovider"
126-->[:firebase_messaging] AndroidManifest.xml:41:13-88
127            android:exported="false"
127-->[:firebase_messaging] AndroidManifest.xml:42:13-37
128            android:initOrder="99" />
128-->[:firebase_messaging] AndroidManifest.xml:43:13-35
129
130        <receiver android:name="com.dexterous.flutterlocalnotifications.ScheduledNotificationReceiver" />
130-->[:flutter_local_notifications] AndroidManifest.xml:12:9-106
130-->[:flutter_local_notifications] AndroidManifest.xml:12:19-103
131        <receiver android:name="com.dexterous.flutterlocalnotifications.ScheduledNotificationBootReceiver" >
131-->[:flutter_local_notifications] AndroidManifest.xml:13:9-20:20
131-->[:flutter_local_notifications] AndroidManifest.xml:13:19-107
132            <intent-filter>
132-->[:flutter_local_notifications] AndroidManifest.xml:14:13-19:29
133                <action android:name="android.intent.action.BOOT_COMPLETED" />
133-->[:flutter_local_notifications] AndroidManifest.xml:15:17-79
133-->[:flutter_local_notifications] AndroidManifest.xml:15:25-76
134                <action android:name="android.intent.action.MY_PACKAGE_REPLACED" />
134-->[:flutter_local_notifications] AndroidManifest.xml:16:17-84
134-->[:flutter_local_notifications] AndroidManifest.xml:16:25-81
135                <action android:name="android.intent.action.QUICKBOOT_POWERON" />
135-->[:flutter_local_notifications] AndroidManifest.xml:17:17-82
135-->[:flutter_local_notifications] AndroidManifest.xml:17:25-79
136                <action android:name="com.htc.intent.action.QUICKBOOT_POWERON" />
136-->[:flutter_local_notifications] AndroidManifest.xml:18:17-82
136-->[:flutter_local_notifications] AndroidManifest.xml:18:25-79
137            </intent-filter>
138        </receiver>
139        <receiver
139-->[com.google.firebase:firebase-messaging:22.0.0] AndroidManifest.xml:28:9-35:20
140            android:name="com.google.firebase.iid.FirebaseInstanceIdReceiver"
140-->[com.google.firebase:firebase-messaging:22.0.0] AndroidManifest.xml:29:13-78
141            android:exported="true"
141-->[com.google.firebase:firebase-messaging:22.0.0] AndroidManifest.xml:30:13-36
142            android:permission="com.google.android.c2dm.permission.SEND" >
142-->[com.google.firebase:firebase-messaging:22.0.0] AndroidManifest.xml:31:13-73
143            <intent-filter>
143-->[:firebase_messaging] AndroidManifest.xml:28:13-30:29
144                <action android:name="com.google.android.c2dm.intent.RECEIVE" />
144-->[:firebase_messaging] AndroidManifest.xml:29:17-81
144-->[:firebase_messaging] AndroidManifest.xml:29:25-78
145            </intent-filter>
146        </receiver>
147        <!--
148             FirebaseMessagingService performs security checks at runtime,
149             but set to not exported to explicitly avoid allowing another app to call it.
150        -->
151        <service
151-->[com.google.firebase:firebase-messaging:22.0.0] AndroidManifest.xml:41:9-48:19
152            android:name="com.google.firebase.messaging.FirebaseMessagingService"
152-->[com.google.firebase:firebase-messaging:22.0.0] AndroidManifest.xml:42:13-82
153            android:directBootAware="true"
153-->[com.google.firebase:firebase-messaging:22.0.0] AndroidManifest.xml:43:13-43
154            android:exported="false" >
154-->[com.google.firebase:firebase-messaging:22.0.0] AndroidManifest.xml:44:13-37
155            <intent-filter android:priority="-500" >
155-->[:firebase_messaging] AndroidManifest.xml:19:13-21:29
156                <action android:name="com.google.firebase.MESSAGING_EVENT" />
156-->[:firebase_messaging] AndroidManifest.xml:20:17-78
156-->[:firebase_messaging] AndroidManifest.xml:20:25-75
157            </intent-filter>
158        </service>
159        <service
159-->[com.google.android.datatransport:transport-backend-cct:3.0.0] AndroidManifest.xml:29:9-35:19
160            android:name="com.google.android.datatransport.runtime.backends.TransportBackendDiscovery"
160-->[com.google.android.datatransport:transport-backend-cct:3.0.0] AndroidManifest.xml:30:13-103
161            android:exported="false" >
161-->[com.google.android.datatransport:transport-backend-cct:3.0.0] AndroidManifest.xml:31:13-37
162            <meta-data
162-->[com.google.android.datatransport:transport-backend-cct:3.0.0] AndroidManifest.xml:32:13-34:39
163                android:name="backend:com.google.android.datatransport.cct.CctBackendFactory"
163-->[com.google.android.datatransport:transport-backend-cct:3.0.0] AndroidManifest.xml:33:17-94
164                android:value="cct" />
164-->[com.google.android.datatransport:transport-backend-cct:3.0.0] AndroidManifest.xml:34:17-36
165        </service>
166
167        <provider
167-->[com.google.firebase:firebase-common:20.0.0] AndroidManifest.xml:26:9-31:39
168            android:name="com.google.firebase.provider.FirebaseInitProvider"
168-->[com.google.firebase:firebase-common:20.0.0] AndroidManifest.xml:27:13-77
169            android:authorities="com.bku.firealarm.firebaseinitprovider"
169-->[com.google.firebase:firebase-common:20.0.0] AndroidManifest.xml:28:13-72
170            android:directBootAware="true"
170-->[com.google.firebase:firebase-common:20.0.0] AndroidManifest.xml:29:13-43
171            android:exported="false"
171-->[com.google.firebase:firebase-common:20.0.0] AndroidManifest.xml:30:13-37
172            android:initOrder="100" />
172-->[com.google.firebase:firebase-common:20.0.0] AndroidManifest.xml:31:13-36
173
174        <receiver
174-->[com.google.android.gms:play-services-measurement:19.0.0] AndroidManifest.xml:29:9-33:20
175            android:name="com.google.android.gms.measurement.AppMeasurementReceiver"
175-->[com.google.android.gms:play-services-measurement:19.0.0] AndroidManifest.xml:30:13-85
176            android:enabled="true"
176-->[com.google.android.gms:play-services-measurement:19.0.0] AndroidManifest.xml:31:13-35
177            android:exported="false" >
177-->[com.google.android.gms:play-services-measurement:19.0.0] AndroidManifest.xml:32:13-37
178        </receiver>
179
180        <service
180-->[com.google.android.gms:play-services-measurement:19.0.0] AndroidManifest.xml:35:9-38:40
181            android:name="com.google.android.gms.measurement.AppMeasurementService"
181-->[com.google.android.gms:play-services-measurement:19.0.0] AndroidManifest.xml:36:13-84
182            android:enabled="true"
182-->[com.google.android.gms:play-services-measurement:19.0.0] AndroidManifest.xml:37:13-35
183            android:exported="false" />
183-->[com.google.android.gms:play-services-measurement:19.0.0] AndroidManifest.xml:38:13-37
184        <service
184-->[com.google.android.gms:play-services-measurement:19.0.0] AndroidManifest.xml:39:9-43:72
185            android:name="com.google.android.gms.measurement.AppMeasurementJobService"
185-->[com.google.android.gms:play-services-measurement:19.0.0] AndroidManifest.xml:40:13-87
186            android:enabled="true"
186-->[com.google.android.gms:play-services-measurement:19.0.0] AndroidManifest.xml:41:13-35
187            android:exported="false"
187-->[com.google.android.gms:play-services-measurement:19.0.0] AndroidManifest.xml:42:13-37
188            android:permission="android.permission.BIND_JOB_SERVICE" />
188-->[com.google.android.gms:play-services-measurement:19.0.0] AndroidManifest.xml:43:13-69
189
190        <meta-data
190-->[com.google.android.gms:play-services-basement:17.0.0] AndroidManifest.xml:23:9-25:69
191            android:name="com.google.android.gms.version"
191-->[com.google.android.gms:play-services-basement:17.0.0] AndroidManifest.xml:24:13-58
192            android:value="@integer/google_play_services_version" />
192-->[com.google.android.gms:play-services-basement:17.0.0] AndroidManifest.xml:25:13-66
193
194        <service
194-->[com.google.android.datatransport:transport-runtime:3.0.0] AndroidManifest.xml:26:9-30:19
195            android:name="com.google.android.datatransport.runtime.scheduling.jobscheduling.JobInfoSchedulerService"
195-->[com.google.android.datatransport:transport-runtime:3.0.0] AndroidManifest.xml:27:13-117
196            android:exported="false"
196-->[com.google.android.datatransport:transport-runtime:3.0.0] AndroidManifest.xml:28:13-37
197            android:permission="android.permission.BIND_JOB_SERVICE" >
197-->[com.google.android.datatransport:transport-runtime:3.0.0] AndroidManifest.xml:29:13-69
198        </service>
199
200        <receiver
200-->[com.google.android.datatransport:transport-runtime:3.0.0] AndroidManifest.xml:32:9-34:40
201            android:name="com.google.android.datatransport.runtime.scheduling.jobscheduling.AlarmManagerSchedulerBroadcastReceiver"
201-->[com.google.android.datatransport:transport-runtime:3.0.0] AndroidManifest.xml:33:13-132
202            android:exported="false" />
202-->[com.google.android.datatransport:transport-runtime:3.0.0] AndroidManifest.xml:34:13-37
203    </application>
204
205</manifest>